INFO: [VRFC 10-2263] Analyzing Verilog file "/home/tjames/StreamLoopback128/firmware/SB852_VU9P_StreamLoopback128/SB852_VU9P_StreamLoopback128.srcs/sources_1/imports/gtwizard_ultrascale_0/gtwizard_ultrascale_0_sim_netlist.v" into library xil_defaultlib
INFO: [VRFC 10-311] analyzing module gtwizard_ultrascale_0
INFO: [VRFC 10-311] analyzing module gtwizard_ultrascale_0_gtwizard_ultrascale_0_gtwizard_gtye4
INFO: [VRFC 10-311] analyzing module gtwizard_ultrascale_0_gtwizard_ultrascale_0_gtwizard_top
INFO: [VRFC 10-311] analyzing module gtwizard_ultrascale_0_gtwizard_ultrascale_0_gtye4_channel_wrapper
INFO: [VRFC 10-311] analyzing module gtwizard_ultrascale_0_gtwizard_ultrascale_0_gtye4_channel_wrapper_0
INFO: [VRFC 10-311] analyzing module gtwizard_ultrascale_0_gtwizard_ultrascale_0_gtye4_common_wrapper
INFO: [VRFC 10-311] analyzing module gtwizard_ultrascale_0_gtwizard_ultrascale_0_gtye4_common_wrapper_1
INFO: [VRFC 10-311] analyzing module gtwizard_ultrascale_0_gtwizard_ultrascale_v1_7_7_bit_synchronizer
INFO: [VRFC 10-311] analyzing module gtwizard_ultrascale_0_gtwizard_ultrascale_v1_7_7_bit_synchronizer_10
INFO: [VRFC 10-311] analyzing module gtwizard_ultrascale_0_gtwizard_ultrascale_v1_7_7_bit_synchronizer_11
INFO: [VRFC 10-311] analyzing module gtwizard_ultrascale_0_gtwizard_ultrascale_v1_7_7_bit_synchronizer_12
INFO: [VRFC 10-311] analyzing module gtwizard_ultrascale_0_gtwizard_ultrascale_v1_7_7_bit_synchronizer_13
INFO: [VRFC 10-311] analyzing module gtwizard_ultrascale_0_gtwizard_ultrascale_v1_7_7_bit_synchronizer_14
INFO: [VRFC 10-311] analyzing module gtwizard_ultrascale_0_gtwizard_ultrascale_v1_7_7_bit_synchronizer_15
INFO: [VRFC 10-311] analyzing module gtwizard_ultrascale_0_gtwizard_ultrascale_v1_7_7_bit_synchronizer_16
INFO: [VRFC 10-311] analyzing module gtwizard_ultrascale_0_gtwizard_ultrascale_v1_7_7_bit_synchronizer_17
INFO: [VRFC 10-311] analyzing module gtwizard_ultrascale_0_gtwizard_ultrascale_v1_7_7_bit_synchronizer_18
INFO: [VRFC 10-311] analyzing module gtwizard_ultrascale_0_gtwizard_ultrascale_v1_7_7_bit_synchronizer_19
INFO: [VRFC 10-311] analyzing module gtwizard_ultrascale_0_gtwizard_ultrascale_v1_7_7_bit_synchronizer_20
INFO: [VRFC 10-311] analyzing module gtwizard_ultrascale_0_gtwizard_ultrascale_v1_7_7_bit_synchronizer_21
INFO: [VRFC 10-311] analyzing module gtwizard_ultrascale_0_gtwizard_ultrascale_v1_7_7_bit_synchronizer_22
INFO: [VRFC 10-311] analyzing module gtwizard_ultrascale_0_gtwizard_ultrascale_v1_7_7_bit_synchronizer_23
INFO: [VRFC 10-311] analyzing module gtwizard_ultrascale_0_gtwizard_ultrascale_v1_7_7_bit_synchronizer_24
INFO: [VRFC 10-311] analyzing module gtwizard_ultrascale_0_gtwizard_ultrascale_v1_7_7_bit_synchronizer_25
INFO: [VRFC 10-311] analyzing module gtwizard_ultrascale_0_gtwizard_ultrascale_v1_7_7_bit_synchronizer_26
INFO: [VRFC 10-311] analyzing module gtwizard_ultrascale_0_gtwizard_ultrascale_v1_7_7_bit_synchronizer_27
INFO: [VRFC 10-311] analyzing module gtwizard_ultrascale_0_gtwizard_ultrascale_v1_7_7_bit_synchronizer_28
INFO: [VRFC 10-311] analyzing module gtwizard_ultrascale_0_gtwizard_ultrascale_v1_7_7_bit_synchronizer_29
INFO: [VRFC 10-311] analyzing module gtwizard_ultrascale_0_gtwizard_ultrascale_v1_7_7_bit_synchronizer_30
INFO: [VRFC 10-311] analyzing module gtwizard_ultrascale_0_gtwizard_ultrascale_v1_7_7_bit_synchronizer_31
INFO: [VRFC 10-311] analyzing module gtwizard_ultrascale_0_gtwizard_ultrascale_v1_7_7_bit_synchronizer_32
INFO: [VRFC 10-311] analyzing module gtwizard_ultrascale_0_gtwizard_ultrascale_v1_7_7_bit_synchronizer_33
INFO: [VRFC 10-311] analyzing module gtwizard_ultrascale_0_gtwizard_ultrascale_v1_7_7_bit_synchronizer_9
INFO: [VRFC 10-311] analyzing module gtwizard_ultrascale_0_gtwizard_ultrascale_v1_7_7_gtwiz_reset
INFO: [VRFC 10-311] analyzing module gtwizard_ultrascale_0_gtwizard_ultrascale_v1_7_7_gtye4_channel
INFO: [VRFC 10-311] analyzing module gtwizard_ultrascale_0_gtwizard_ultrascale_v1_7_7_gtye4_channel_43
INFO: [VRFC 10-311] analyzing module gtwizard_ultrascale_0_gtwizard_ultrascale_v1_7_7_gtye4_common
INFO: [VRFC 10-311] analyzing module gtwizard_ultrascale_0_gtwizard_ultrascale_v1_7_7_gtye4_common_42
INFO: [VRFC 10-311] analyzing module gtwizard_ultrascale_0_gtwizard_ultrascale_v1_7_7_gtye4_delay_powergood
INFO: [VRFC 10-311] analyzing module gtwizard_ultrascale_0_gtwizard_ultrascale_v1_7_7_gtye4_delay_powergood_2
INFO: [VRFC 10-311] analyzing module gtwizard_ultrascale_0_gtwizard_ultrascale_v1_7_7_gtye4_delay_powergood_3
INFO: [VRFC 10-311] analyzing module gtwizard_ultrascale_0_gtwizard_ultrascale_v1_7_7_gtye4_delay_powergood_4
INFO: [VRFC 10-311] analyzing module gtwizard_ultrascale_0_gtwizard_ultrascale_v1_7_7_gtye4_delay_powergood_5
INFO: [VRFC 10-311] analyzing module gtwizard_ultrascale_0_gtwizard_ultrascale_v1_7_7_gtye4_delay_powergood_6
INFO: [VRFC 10-311] analyzing module gtwizard_ultrascale_0_gtwizard_ultrascale_v1_7_7_gtye4_delay_powergood_7
INFO: [VRFC 10-311] analyzing module gtwizard_ultrascale_0_gtwizard_ultrascale_v1_7_7_gtye4_delay_powergood_8
INFO: [VRFC 10-311] analyzing module gtwizard_ultrascale_0_gtwizard_ultrascale_v1_7_7_reset_inv_synchronizer
INFO: [VRFC 10-311] analyzing module gtwizard_ultrascale_0_gtwizard_ultrascale_v1_7_7_reset_inv_synchronizer_40
INFO: [VRFC 10-311] analyzing module gtwizard_ultrascale_0_gtwizard_ultrascale_v1_7_7_reset_synchronizer
INFO: [VRFC 10-311] analyzing module gtwizard_ultrascale_0_gtwizard_ultrascale_v1_7_7_reset_synchronizer_34
INFO: [VRFC 10-311] analyzing module gtwizard_ultrascale_0_gtwizard_ultrascale_v1_7_7_reset_synchronizer_35
INFO: [VRFC 10-311] analyzing module gtwizard_ultrascale_0_gtwizard_ultrascale_v1_7_7_reset_synchronizer_36
INFO: [VRFC 10-311] analyzing module gtwizard_ultrascale_0_gtwizard_ultrascale_v1_7_7_reset_synchronizer_37
INFO: [VRFC 10-311] analyzing module gtwizard_ultrascale_0_gtwizard_ultrascale_v1_7_7_reset_synchronizer_38
INFO: [VRFC 10-311] analyzing module gtwizard_ultrascale_0_gtwizard_ultrascale_v1_7_7_reset_synchronizer_39
INFO: [VRFC 10-311] analyzing module gtwizard_ultrascale_0_gtwizard_ultrascale_v1_7_7_reset_synchronizer_41
INFO: [VRFC 10-311] analyzing module glbl
INFO: [VRFC 10-2263] Analyzing Verilog file "/home/tjames/StreamLoopback128/firmware/SB852_VU9P_StreamLoopback128/SB852_VU9P_StreamLoopback128.srcs/sources_1/imports/gtwizard_ultrascale_0_vio_0/gtwizard_ultrascale_0_vio_0_sim_netlist.v" into library xil_defaultlib
INFO: [VRFC 10-311] analyzing module gtwizard_ultrascale_0_vio_0
INFO: [VRFC 10-311] analyzing module gtwizard_ultrascale_0_vio_0_vio_v3_0_19_decoder
INFO: [VRFC 10-311] analyzing module gtwizard_ultrascale_0_vio_0_vio_v3_0_19_probe_in_one
INFO: [VRFC 10-311] analyzing module gtwizard_ultrascale_0_vio_0_vio_v3_0_19_probe_out_all
INFO: [VRFC 10-311] analyzing module gtwizard_ultrascale_0_vio_0_vio_v3_0_19_probe_out_one
INFO: [VRFC 10-311] analyzing module gtwizard_ultrascale_0_vio_0_vio_v3_0_19_probe_out_one_0
INFO: [VRFC 10-311] analyzing module gtwizard_ultrascale_0_vio_0_vio_v3_0_19_probe_out_one_1
INFO: [VRFC 10-311] analyzing module gtwizard_ultrascale_0_vio_0_vio_v3_0_19_probe_out_one_2
INFO: [VRFC 10-311] analyzing module gtwizard_ultrascale_0_vio_0_vio_v3_0_19_probe_out_one_3
INFO: [VRFC 10-311] analyzing module gtwizard_ultrascale_0_vio_0_vio_v3_0_19_probe_out_one_4
INFO: [VRFC 10-311] analyzing module gtwizard_ultrascale_0_vio_0_vio_v3_0_19_probe_width
INFO: [VRFC 10-311] analyzing module gtwizard_ultrascale_0_vio_0_vio_v3_0_19_vio
INFO: [VRFC 10-311] analyzing module gtwizard_ultrascale_0_vio_0_xsdbs_v1_0_2_xsdbs
INFO: [VRFC 10-2263] Analyzing Verilog file "/home/tjames/StreamLoopback128/firmware/SB852_VU9P_StreamLoopback128/SB852_VU9P_StreamLoopback128.sim/sim_1/behav/xsim/glbl.v" into library xil_defaultlib
INFO: [VRFC 10-311] analyzing module glbl
WARNING: [VRFC 10-3609] overwriting previous definition of module 'glbl' [/home/tjames/StreamLoopback128/firmware/SB852_VU9P_StreamLoopback128/SB852_VU9P_StreamLoopback128.sim/sim_1/behav/xsim/glbl.v:6]
