Copyright 1986-2019 Xilinx, Inc. All Rights Reserved.
-------------------------------------------------------------------------------------------------------------------------------------------------------------
| Tool Version     : Vivado v.2019.2 (lin64) Build 2708876 Wed Nov  6 21:39:14 MST 2019
| Date             : Thu Mar 12 20:35:27 2020
| Host             : daqlab40-skylake16 running 64-bit CentOS Linux release 7.6.1810 (Core)
| Command          : report_power -file Pico_Toplevel_power_routed.rpt -pb Pico_Toplevel_power_summary_routed.pb -rpx Pico_Toplevel_power_routed.rpx
| Design           : Pico_Toplevel
| Device           : xcvu9p-flgb2104-2L-e
| Design State     : routed
| Grade            : extended
| Process          : typical
| Characterization : Production
-------------------------------------------------------------------------------------------------------------------------------------------------------------

Power Report

Table of Contents
-----------------
1. Summary
1.1 On-Chip Components
1.2 Power Supply Summary
1.3 Confidence Level
2. Settings
2.1 Environment
2.2 Clock Constraints
3. Detailed Reports
3.1 By Hierarchy

1. Summary
----------

+--------------------------+--------------+
| Total On-Chip Power (W)  | 7.640        |
| Design Power Budget (W)  | Unspecified* |
| Power Budget Margin (W)  | NA           |
| Dynamic (W)              | 4.916        |
| Device Static (W)        | 2.724        |
| Effective TJA (C/W)      | 0.5          |
| Max Ambient (C)          | 95.8         |
| Junction Temperature (C) | 29.2         |
| Confidence Level         | Medium       |
| Setting File             | ---          |
| Simulation Activity File | ---          |
| Design Nets Matched      | NA           |
+--------------------------+--------------+
* Specify Design Power Budget using, set_operating_conditions -design_power_budget <value in Watts>


1.1 On-Chip Components
----------------------

+--------------------------+-----------+----------+-----------+-----------------+
| On-Chip                  | Power (W) | Used     | Available | Utilization (%) |
+--------------------------+-----------+----------+-----------+-----------------+
| Clocks                   |     0.347 |       26 |       --- |             --- |
| CLB Logic                |     0.095 |    79046 |       --- |             --- |
|   LUT as Logic           |     0.055 |    21087 |   1182240 |            1.78 |
|   LUT as Distributed RAM |     0.014 |     2052 |    591840 |            0.35 |
|   LUT as Shift Register  |     0.013 |     1327 |    591840 |            0.22 |
|   Register               |     0.010 |    42355 |   2364480 |            1.79 |
|   CARRY8                 |     0.002 |      449 |    147780 |            0.30 |
|   BUFG                   |    <0.001 |        5 |       240 |            2.08 |
|   Others                 |     0.000 |     3177 |       --- |             --- |
|   F7/F8 Muxes            |     0.000 |      725 |   1182240 |            0.06 |
| Signals                  |     0.202 |    68424 |       --- |             --- |
| Block RAM                |     0.932 |    565.5 |      2160 |           26.18 |
| URAM                     |     0.025 |        2 |       960 |            0.21 |
| I/O                      |     0.006 |        3 |       702 |            0.43 |
| GTY                      |     3.110 |       16 |        76 |           21.05 |
| SYSMON                   |     0.014 |        1 |       --- |             --- |
| Hard IPs                 |     0.185 |        1 |       --- |             --- |
|   PCIE                   |     0.185 |        1 |       --- |             --- |
| Static Power             |     2.724 |          |           |                 |
| Total                    |     7.640 |          |           |                 |
+--------------------------+-----------+----------+-----------+-----------------+


1.2 Power Supply Summary
------------------------

+------------+-------------+-----------+-------------+------------+
| Source     | Voltage (V) | Total (A) | Dynamic (A) | Static (A) |
+------------+-------------+-----------+-------------+------------+
| Vccint     |       0.850 |     3.316 |       2.408 |      0.908 |
| Vccint_io  |       0.850 |     0.266 |       0.001 |      0.265 |
| Vccbram    |       0.850 |     0.085 |       0.068 |      0.017 |
| Vccaux     |       1.800 |     0.644 |       0.000 |      0.644 |
| Vccaux_io  |       1.800 |     0.188 |       0.003 |      0.185 |
| Vcco33     |       3.300 |     0.000 |       0.000 |      0.000 |
| Vcco25     |       2.500 |     0.000 |       0.000 |      0.000 |
| Vcco18     |       1.800 |     0.000 |       0.000 |      0.000 |
| Vcco15     |       1.500 |     0.000 |       0.000 |      0.000 |
| Vcco135    |       1.350 |     0.000 |       0.000 |      0.000 |
| Vcco12     |       1.200 |     0.000 |       0.000 |      0.000 |
| Vcco10     |       1.000 |     0.000 |       0.000 |      0.000 |
| Vccadc     |       1.800 |     0.024 |       0.000 |      0.024 |
| MGTYAVcc   |       0.900 |     0.555 |       0.444 |      0.111 |
| MGTYAVtt   |       1.200 |     1.919 |       1.866 |      0.053 |
| MGTYVccaux |       1.800 |     0.100 |       0.093 |      0.007 |
+------------+-------------+-----------+-------------+------------+


1.3 Confidence Level
--------------------

+-----------------------------+------------+-------------------------------------------------------+------------------------------------------------------------------------------------------------------------+
| User Input Data             | Confidence | Details                                               | Action                                                                                                     |
+-----------------------------+------------+-------------------------------------------------------+------------------------------------------------------------------------------------------------------------+
| Design implementation state | High       | Design is routed                                      |                                                                                                            |
| Clock nodes activity        | High       | User specified more than 95% of clocks                |                                                                                                            |
| I/O nodes activity          | Medium     | More than 5% of inputs are missing user specification | Provide missing input activity with simulation results or by editing the "By Resource Type -> I/Os" view   |
| Internal nodes activity     | Medium     | User specified less than 25% of internal nodes        | Provide missing internal nodes activity with simulation results or by editing the "By Resource Type" views |
| Device models               | High       | Device models are Production                          |                                                                                                            |
|                             |            |                                                       |                                                                                                            |
| Overall confidence level    | Medium     |                                                       |                                                                                                            |
+-----------------------------+------------+-------------------------------------------------------+------------------------------------------------------------------------------------------------------------+


2. Settings
-----------

2.1 Environment
---------------

+-----------------------+--------------------------+
| Ambient Temp (C)      | 25.0                     |
| ThetaJA (C/W)         | 0.5                      |
| Airflow (LFM)         | 250                      |
| Heat Sink             | medium (Medium Profile)  |
| ThetaSA (C/W)         | 0.7                      |
| Board Selection       | medium (10"x10")         |
| # of Board Layers     | 12to15 (12 to 15 Layers) |
| Board Temperature (C) | 25.0                     |
+-----------------------+--------------------------+


2.2 Clock Constraints
---------------------

+------------------------------------------------------------------------------------------------------------------------------------------------------------------------------------------------------------------------------------------------------------------------------------------------------------------------------------------------------------------------------------------------------------------------+---------------------------------------------------------------------------------------------------------------------------------------------------------------------------------------------------------------------------------------------------------------------------------------------------------------------------------------------------------------------------------------------------------+-----------------+
| Clock                                                                                                                                                                                                                                                                                                                                                                                                                  | Domain                                                                                                                                                                                                                                                                                                                                                                                                  | Constraint (ns) |
+------------------------------------------------------------------------------------------------------------------------------------------------------------------------------------------------------------------------------------------------------------------------------------------------------------------------------------------------------------------------------------------------------------------------+---------------------------------------------------------------------------------------------------------------------------------------------------------------------------------------------------------------------------------------------------------------------------------------------------------------------------------------------------------------------------------------------------------+-----------------+
| PicoFramework/core/pcie3_uscale_plus_x8/inst/gt_top_i/diablo_gt.diablo_gt_phy_wrapper/gt_wizard.gtwizard_top_i/pcie3_uscale_plus_x8_gt_i/inst/gen_gtwizard_gtye4_top.pcie3_uscale_plus_x8_gt_gtwizard_gtye4_inst/gen_gtwizard_gtye4.gen_channel_container[31].gen_enabled_channel.gtye4_channel_wrapper_inst/channel_inst/gtye4_channel_gen.gen_gtye4_channel_inst[0].GTYE4_CHANNEL_PRIM_INST/TXOUTCLK                 | PicoFramework/core/pcie3_uscale_plus_x8/inst/gt_top_i/diablo_gt.diablo_gt_phy_wrapper/gt_wizard.gtwizard_top_i/pcie3_uscale_plus_x8_gt_i/inst/gen_gtwizard_gtye4_top.pcie3_uscale_plus_x8_gt_gtwizard_gtye4_inst/gen_gtwizard_gtye4.gen_channel_container[31].gen_enabled_channel.gtye4_channel_wrapper_inst/channel_inst/txoutclk_out[0]                                                               |             4.0 |
| PicoFramework/core/pcie3_uscale_plus_x8/inst/gt_top_i/diablo_gt.diablo_gt_phy_wrapper/gt_wizard.gtwizard_top_i/pcie3_uscale_plus_x8_gt_i/inst/gen_gtwizard_gtye4_top.pcie3_uscale_plus_x8_gt_gtwizard_gtye4_inst/gen_gtwizard_gtye4.gen_channel_container[31].gen_enabled_channel.gtye4_channel_wrapper_inst/channel_inst/gtye4_channel_gen.gen_gtye4_channel_inst[0].GTYE4_CHANNEL_PRIM_INST/TXOUTCLK                 | PicoFramework/core/pcie3_uscale_plus_x8/inst/gt_top_i/diablo_gt.diablo_gt_phy_wrapper/gt_wizard.gtwizard_top_i/pcie3_uscale_plus_x8_gt_i/inst/gen_gtwizard_gtye4_top.pcie3_uscale_plus_x8_gt_gtwizard_gtye4_inst/gen_gtwizard_gtye4.gen_channel_container[31].gen_enabled_channel.gtye4_channel_wrapper_inst/channel_inst/txoutclk_out[1]                                                               |             4.0 |
| PicoFramework/core/pcie3_uscale_plus_x8/inst/gt_top_i/diablo_gt.diablo_gt_phy_wrapper/gt_wizard.gtwizard_top_i/pcie3_uscale_plus_x8_gt_i/inst/gen_gtwizard_gtye4_top.pcie3_uscale_plus_x8_gt_gtwizard_gtye4_inst/gen_gtwizard_gtye4.gen_channel_container[31].gen_enabled_channel.gtye4_channel_wrapper_inst/channel_inst/gtye4_channel_gen.gen_gtye4_channel_inst[0].GTYE4_CHANNEL_PRIM_INST/TXOUTCLK                 | PicoFramework/core/pcie3_uscale_plus_x8/inst/gt_top_i/diablo_gt.diablo_gt_phy_wrapper/gt_wizard.gtwizard_top_i/pcie3_uscale_plus_x8_gt_i/inst/gen_gtwizard_gtye4_top.pcie3_uscale_plus_x8_gt_gtwizard_gtye4_inst/gen_gtwizard_gtye4.gen_channel_container[31].gen_enabled_channel.gtye4_channel_wrapper_inst/channel_inst/txoutclk_out[2]                                                               |             4.0 |
| PicoFramework/core/pcie3_uscale_plus_x8/inst/gt_top_i/diablo_gt.diablo_gt_phy_wrapper/gt_wizard.gtwizard_top_i/pcie3_uscale_plus_x8_gt_i/inst/gen_gtwizard_gtye4_top.pcie3_uscale_plus_x8_gt_gtwizard_gtye4_inst/gen_gtwizard_gtye4.gen_channel_container[31].gen_enabled_channel.gtye4_channel_wrapper_inst/channel_inst/gtye4_channel_gen.gen_gtye4_channel_inst[0].GTYE4_CHANNEL_PRIM_INST/TXOUTCLK                 | PicoFramework/core/pcie3_uscale_plus_x8/inst/gt_top_i/diablo_gt.diablo_gt_phy_wrapper/gt_wizard.gtwizard_top_i/pcie3_uscale_plus_x8_gt_i/inst/gen_gtwizard_gtye4_top.pcie3_uscale_plus_x8_gt_gtwizard_gtye4_inst/gen_gtwizard_gtye4.gen_channel_container[31].gen_enabled_channel.gtye4_channel_wrapper_inst/channel_inst/txoutclk_out[3]                                                               |             4.0 |
| PicoFramework/core/pcie3_uscale_plus_x8/inst/gt_top_i/diablo_gt.diablo_gt_phy_wrapper/gt_wizard.gtwizard_top_i/pcie3_uscale_plus_x8_gt_i/inst/gen_gtwizard_gtye4_top.pcie3_uscale_plus_x8_gt_gtwizard_gtye4_inst/gen_gtwizard_gtye4.gen_channel_container[31].gen_enabled_channel.gtye4_channel_wrapper_inst/channel_inst/gtye4_channel_gen.gen_gtye4_channel_inst[0].GTYE4_CHANNEL_PRIM_INST/TXOUTCLK                 | PicoFramework/core/pcie3_uscale_plus_x8/inst/gt_top_i/diablo_gt.diablo_gt_phy_wrapper/gt_wizard.gtwizard_top_i/pcie3_uscale_plus_x8_gt_i/inst/gen_gtwizard_gtye4_top.pcie3_uscale_plus_x8_gt_gtwizard_gtye4_inst/gen_gtwizard_gtye4.gen_channel_container[32].gen_enabled_channel.gtye4_channel_wrapper_inst/channel_inst/txoutclk_out[0]                                                               |             4.0 |
| PicoFramework/core/pcie3_uscale_plus_x8/inst/gt_top_i/diablo_gt.diablo_gt_phy_wrapper/gt_wizard.gtwizard_top_i/pcie3_uscale_plus_x8_gt_i/inst/gen_gtwizard_gtye4_top.pcie3_uscale_plus_x8_gt_gtwizard_gtye4_inst/gen_gtwizard_gtye4.gen_channel_container[31].gen_enabled_channel.gtye4_channel_wrapper_inst/channel_inst/gtye4_channel_gen.gen_gtye4_channel_inst[0].GTYE4_CHANNEL_PRIM_INST/TXOUTCLK                 | PicoFramework/core/pcie3_uscale_plus_x8/inst/gt_top_i/diablo_gt.diablo_gt_phy_wrapper/gt_wizard.gtwizard_top_i/pcie3_uscale_plus_x8_gt_i/inst/gen_gtwizard_gtye4_top.pcie3_uscale_plus_x8_gt_gtwizard_gtye4_inst/gen_gtwizard_gtye4.gen_channel_container[32].gen_enabled_channel.gtye4_channel_wrapper_inst/channel_inst/txoutclk_out[1]                                                               |             4.0 |
| PicoFramework/core/pcie3_uscale_plus_x8/inst/gt_top_i/diablo_gt.diablo_gt_phy_wrapper/gt_wizard.gtwizard_top_i/pcie3_uscale_plus_x8_gt_i/inst/gen_gtwizard_gtye4_top.pcie3_uscale_plus_x8_gt_gtwizard_gtye4_inst/gen_gtwizard_gtye4.gen_channel_container[31].gen_enabled_channel.gtye4_channel_wrapper_inst/channel_inst/gtye4_channel_gen.gen_gtye4_channel_inst[0].GTYE4_CHANNEL_PRIM_INST/TXOUTCLK                 | PicoFramework/core/pcie3_uscale_plus_x8/inst/gt_top_i/diablo_gt.diablo_gt_phy_wrapper/gt_wizard.gtwizard_top_i/pcie3_uscale_plus_x8_gt_i/inst/gen_gtwizard_gtye4_top.pcie3_uscale_plus_x8_gt_gtwizard_gtye4_inst/gen_gtwizard_gtye4.gen_channel_container[32].gen_enabled_channel.gtye4_channel_wrapper_inst/channel_inst/txoutclk_out[2]                                                               |             4.0 |
| PicoFramework/core/pcie3_uscale_plus_x8/inst/gt_top_i/diablo_gt.diablo_gt_phy_wrapper/gt_wizard.gtwizard_top_i/pcie3_uscale_plus_x8_gt_i/inst/gen_gtwizard_gtye4_top.pcie3_uscale_plus_x8_gt_gtwizard_gtye4_inst/gen_gtwizard_gtye4.gen_channel_container[31].gen_enabled_channel.gtye4_channel_wrapper_inst/channel_inst/gtye4_channel_gen.gen_gtye4_channel_inst[0].GTYE4_CHANNEL_PRIM_INST/TXOUTCLK                 | PicoFramework/core/pcie3_uscale_plus_x8/inst/gt_top_i/diablo_gt.diablo_gt_phy_wrapper/gt_wizard.gtwizard_top_i/pcie3_uscale_plus_x8_gt_i/inst/gen_gtwizard_gtye4_top.pcie3_uscale_plus_x8_gt_gtwizard_gtye4_inst/gen_gtwizard_gtye4.gen_channel_container[32].gen_enabled_channel.gtye4_channel_wrapper_inst/channel_inst/txoutclk_out[3]                                                               |             4.0 |
| PicoFramework/core/pcie3_uscale_plus_x8/inst/gt_top_i/diablo_gt.diablo_gt_phy_wrapper/gt_wizard.gtwizard_top_i/pcie3_uscale_plus_x8_gt_i/inst/gen_gtwizard_gtye4_top.pcie3_uscale_plus_x8_gt_gtwizard_gtye4_inst/gen_gtwizard_gtye4.gen_cpll_cal_gtye4.gen_cpll_cal_inst[0].gen_inst_cpll_cal.gtwizard_ultrascale_v1_7_7_gtye4_cpll_cal_inst/gtwizard_ultrascale_v1_7_7_gtye4_cpll_cal_tx_i/bufg_gt_txoutclkmon_inst/O | PicoFramework/core/pcie3_uscale_plus_x8/inst/gt_top_i/diablo_gt.diablo_gt_phy_wrapper/gt_wizard.gtwizard_top_i/pcie3_uscale_plus_x8_gt_i/inst/gen_gtwizard_gtye4_top.pcie3_uscale_plus_x8_gt_gtwizard_gtye4_inst/gen_gtwizard_gtye4.gen_cpll_cal_gtye4.gen_cpll_cal_inst[0].gen_inst_cpll_cal.gtwizard_ultrascale_v1_7_7_gtye4_cpll_cal_inst/gtwizard_ultrascale_v1_7_7_gtye4_cpll_cal_tx_i/txoutclkmon |             8.0 |
| PicoFramework/core/pcie3_uscale_plus_x8/inst/gt_top_i/diablo_gt.diablo_gt_phy_wrapper/gt_wizard.gtwizard_top_i/pcie3_uscale_plus_x8_gt_i/inst/gen_gtwizard_gtye4_top.pcie3_uscale_plus_x8_gt_gtwizard_gtye4_inst/gen_gtwizard_gtye4.gen_cpll_cal_gtye4.gen_cpll_cal_inst[1].gen_inst_cpll_cal.gtwizard_ultrascale_v1_7_7_gtye4_cpll_cal_inst/gtwizard_ultrascale_v1_7_7_gtye4_cpll_cal_tx_i/bufg_gt_txoutclkmon_inst/O | PicoFramework/core/pcie3_uscale_plus_x8/inst/gt_top_i/diablo_gt.diablo_gt_phy_wrapper/gt_wizard.gtwizard_top_i/pcie3_uscale_plus_x8_gt_i/inst/gen_gtwizard_gtye4_top.pcie3_uscale_plus_x8_gt_gtwizard_gtye4_inst/gen_gtwizard_gtye4.gen_cpll_cal_gtye4.gen_cpll_cal_inst[1].gen_inst_cpll_cal.gtwizard_ultrascale_v1_7_7_gtye4_cpll_cal_inst/gtwizard_ultrascale_v1_7_7_gtye4_cpll_cal_tx_i/txoutclkmon |             8.0 |
| PicoFramework/core/pcie3_uscale_plus_x8/inst/gt_top_i/diablo_gt.diablo_gt_phy_wrapper/gt_wizard.gtwizard_top_i/pcie3_uscale_plus_x8_gt_i/inst/gen_gtwizard_gtye4_top.pcie3_uscale_plus_x8_gt_gtwizard_gtye4_inst/gen_gtwizard_gtye4.gen_cpll_cal_gtye4.gen_cpll_cal_inst[2].gen_inst_cpll_cal.gtwizard_ultrascale_v1_7_7_gtye4_cpll_cal_inst/gtwizard_ultrascale_v1_7_7_gtye4_cpll_cal_tx_i/bufg_gt_txoutclkmon_inst/O | PicoFramework/core/pcie3_uscale_plus_x8/inst/gt_top_i/diablo_gt.diablo_gt_phy_wrapper/gt_wizard.gtwizard_top_i/pcie3_uscale_plus_x8_gt_i/inst/gen_gtwizard_gtye4_top.pcie3_uscale_plus_x8_gt_gtwizard_gtye4_inst/gen_gtwizard_gtye4.gen_cpll_cal_gtye4.gen_cpll_cal_inst[2].gen_inst_cpll_cal.gtwizard_ultrascale_v1_7_7_gtye4_cpll_cal_inst/gtwizard_ultrascale_v1_7_7_gtye4_cpll_cal_tx_i/txoutclkmon |             8.0 |
| PicoFramework/core/pcie3_uscale_plus_x8/inst/gt_top_i/diablo_gt.diablo_gt_phy_wrapper/gt_wizard.gtwizard_top_i/pcie3_uscale_plus_x8_gt_i/inst/gen_gtwizard_gtye4_top.pcie3_uscale_plus_x8_gt_gtwizard_gtye4_inst/gen_gtwizard_gtye4.gen_cpll_cal_gtye4.gen_cpll_cal_inst[3].gen_inst_cpll_cal.gtwizard_ultrascale_v1_7_7_gtye4_cpll_cal_inst/gtwizard_ultrascale_v1_7_7_gtye4_cpll_cal_tx_i/bufg_gt_txoutclkmon_inst/O | PicoFramework/core/pcie3_uscale_plus_x8/inst/gt_top_i/diablo_gt.diablo_gt_phy_wrapper/gt_wizard.gtwizard_top_i/pcie3_uscale_plus_x8_gt_i/inst/gen_gtwizard_gtye4_top.pcie3_uscale_plus_x8_gt_gtwizard_gtye4_inst/gen_gtwizard_gtye4.gen_cpll_cal_gtye4.gen_cpll_cal_inst[3].gen_inst_cpll_cal.gtwizard_ultrascale_v1_7_7_gtye4_cpll_cal_inst/gtwizard_ultrascale_v1_7_7_gtye4_cpll_cal_tx_i/txoutclkmon |             8.0 |
| PicoFramework/core/pcie3_uscale_plus_x8/inst/gt_top_i/diablo_gt.diablo_gt_phy_wrapper/gt_wizard.gtwizard_top_i/pcie3_uscale_plus_x8_gt_i/inst/gen_gtwizard_gtye4_top.pcie3_uscale_plus_x8_gt_gtwizard_gtye4_inst/gen_gtwizard_gtye4.gen_cpll_cal_gtye4.gen_cpll_cal_inst[4].gen_inst_cpll_cal.gtwizard_ultrascale_v1_7_7_gtye4_cpll_cal_inst/gtwizard_ultrascale_v1_7_7_gtye4_cpll_cal_tx_i/bufg_gt_txoutclkmon_inst/O | PicoFramework/core/pcie3_uscale_plus_x8/inst/gt_top_i/diablo_gt.diablo_gt_phy_wrapper/gt_wizard.gtwizard_top_i/pcie3_uscale_plus_x8_gt_i/inst/gen_gtwizard_gtye4_top.pcie3_uscale_plus_x8_gt_gtwizard_gtye4_inst/gen_gtwizard_gtye4.gen_cpll_cal_gtye4.gen_cpll_cal_inst[4].gen_inst_cpll_cal.gtwizard_ultrascale_v1_7_7_gtye4_cpll_cal_inst/gtwizard_ultrascale_v1_7_7_gtye4_cpll_cal_tx_i/txoutclkmon |             8.0 |
| PicoFramework/core/pcie3_uscale_plus_x8/inst/gt_top_i/diablo_gt.diablo_gt_phy_wrapper/gt_wizard.gtwizard_top_i/pcie3_uscale_plus_x8_gt_i/inst/gen_gtwizard_gtye4_top.pcie3_uscale_plus_x8_gt_gtwizard_gtye4_inst/gen_gtwizard_gtye4.gen_cpll_cal_gtye4.gen_cpll_cal_inst[5].gen_inst_cpll_cal.gtwizard_ultrascale_v1_7_7_gtye4_cpll_cal_inst/gtwizard_ultrascale_v1_7_7_gtye4_cpll_cal_tx_i/bufg_gt_txoutclkmon_inst/O | PicoFramework/core/pcie3_uscale_plus_x8/inst/gt_top_i/diablo_gt.diablo_gt_phy_wrapper/gt_wizard.gtwizard_top_i/pcie3_uscale_plus_x8_gt_i/inst/gen_gtwizard_gtye4_top.pcie3_uscale_plus_x8_gt_gtwizard_gtye4_inst/gen_gtwizard_gtye4.gen_cpll_cal_gtye4.gen_cpll_cal_inst[5].gen_inst_cpll_cal.gtwizard_ultrascale_v1_7_7_gtye4_cpll_cal_inst/gtwizard_ultrascale_v1_7_7_gtye4_cpll_cal_tx_i/txoutclkmon |             8.0 |
| PicoFramework/core/pcie3_uscale_plus_x8/inst/gt_top_i/diablo_gt.diablo_gt_phy_wrapper/gt_wizard.gtwizard_top_i/pcie3_uscale_plus_x8_gt_i/inst/gen_gtwizard_gtye4_top.pcie3_uscale_plus_x8_gt_gtwizard_gtye4_inst/gen_gtwizard_gtye4.gen_cpll_cal_gtye4.gen_cpll_cal_inst[6].gen_inst_cpll_cal.gtwizard_ultrascale_v1_7_7_gtye4_cpll_cal_inst/gtwizard_ultrascale_v1_7_7_gtye4_cpll_cal_tx_i/bufg_gt_txoutclkmon_inst/O | PicoFramework/core/pcie3_uscale_plus_x8/inst/gt_top_i/diablo_gt.diablo_gt_phy_wrapper/gt_wizard.gtwizard_top_i/pcie3_uscale_plus_x8_gt_i/inst/gen_gtwizard_gtye4_top.pcie3_uscale_plus_x8_gt_gtwizard_gtye4_inst/gen_gtwizard_gtye4.gen_cpll_cal_gtye4.gen_cpll_cal_inst[6].gen_inst_cpll_cal.gtwizard_ultrascale_v1_7_7_gtye4_cpll_cal_inst/gtwizard_ultrascale_v1_7_7_gtye4_cpll_cal_tx_i/txoutclkmon |             8.0 |
| PicoFramework/core/pcie3_uscale_plus_x8/inst/gt_top_i/diablo_gt.diablo_gt_phy_wrapper/gt_wizard.gtwizard_top_i/pcie3_uscale_plus_x8_gt_i/inst/gen_gtwizard_gtye4_top.pcie3_uscale_plus_x8_gt_gtwizard_gtye4_inst/gen_gtwizard_gtye4.gen_cpll_cal_gtye4.gen_cpll_cal_inst[7].gen_inst_cpll_cal.gtwizard_ultrascale_v1_7_7_gtye4_cpll_cal_inst/gtwizard_ultrascale_v1_7_7_gtye4_cpll_cal_tx_i/bufg_gt_txoutclkmon_inst/O | PicoFramework/core/pcie3_uscale_plus_x8/inst/gt_top_i/diablo_gt.diablo_gt_phy_wrapper/gt_wizard.gtwizard_top_i/pcie3_uscale_plus_x8_gt_i/inst/gen_gtwizard_gtye4_top.pcie3_uscale_plus_x8_gt_gtwizard_gtye4_inst/gen_gtwizard_gtye4.gen_cpll_cal_gtye4.gen_cpll_cal_inst[7].gen_inst_cpll_cal.gtwizard_ultrascale_v1_7_7_gtye4_cpll_cal_inst/gtwizard_ultrascale_v1_7_7_gtye4_cpll_cal_tx_i/txoutclkmon |             8.0 |
| PicoFramework/core/pcie3_uscale_plus_x8/inst/gt_top_i/diablo_gt.diablo_gt_phy_wrapper/phy_clk_i/bufg_gt_intclk/O                                                                                                                                                                                                                                                                                                       | PicoFramework/core/pcie3_uscale_plus_x8/inst/gt_top_i/diablo_gt.diablo_gt_phy_wrapper/phy_clk_i/CLK_INTCLK                                                                                                                                                                                                                                                                                              |          1000.0 |
| StreamToFlashCtl_clk                                                                                                                                                                                                                                                                                                                                                                                                   | UserWrapper/StreamToFlashCtl/clk_gen/clk_o                                                                                                                                                                                                                                                                                                                                                              |             8.0 |
| dbg_hub/inst/BSCANID.u_xsdbm_id/SWITCH_N_EXT_BSCAN.bscan_inst/SERIES7_BSCAN.bscan_inst/INTERNAL_TCK                                                                                                                                                                                                                                                                                                                    | dbg_hub/inst/BSCANID.u_xsdbm_id/SWITCH_N_EXT_BSCAN.bscan_inst/in0                                                                                                                                                                                                                                                                                                                                       |            50.0 |
| mcap_clk                                                                                                                                                                                                                                                                                                                                                                                                               | PicoFramework/core/pcie3_uscale_plus_x8/inst/gt_top_i/diablo_gt.diablo_gt_phy_wrapper/phy_clk_i/CLK_MCAPCLK                                                                                                                                                                                                                                                                                             |             8.0 |
| qpll0outclk_out[0]                                                                                                                                                                                                                                                                                                                                                                                                     | PicoFramework/core/pcie3_uscale_plus_x8/inst/gt_top_i/diablo_gt.diablo_gt_phy_wrapper/gt_wizard.gtwizard_top_i/pcie3_uscale_plus_x8_gt_i/inst/gen_gtwizard_gtye4_top.pcie3_uscale_plus_x8_gt_gtwizard_gtye4_inst/gen_gtwizard_gtye4.gen_common.gen_common_container[31].gen_enabled_common.gtye4_common_wrapper_inst/common_inst/qpll0outclk_out[0]                                                     |             0.2 |
| qpll0outclk_out[0]_1                                                                                                                                                                                                                                                                                                                                                                                                   | PicoFramework/core/pcie3_uscale_plus_x8/inst/gt_top_i/diablo_gt.diablo_gt_phy_wrapper/gt_wizard.gtwizard_top_i/pcie3_uscale_plus_x8_gt_i/inst/gen_gtwizard_gtye4_top.pcie3_uscale_plus_x8_gt_gtwizard_gtye4_inst/gen_gtwizard_gtye4.gen_common.gen_common_container[32].gen_enabled_common.gtye4_common_wrapper_inst/common_inst/qpll0outclk_out[0]                                                     |             0.2 |
| qpll0outrefclk_out[0]                                                                                                                                                                                                                                                                                                                                                                                                  | PicoFramework/core/pcie3_uscale_plus_x8/inst/gt_top_i/diablo_gt.diablo_gt_phy_wrapper/gt_wizard.gtwizard_top_i/pcie3_uscale_plus_x8_gt_i/inst/gen_gtwizard_gtye4_top.pcie3_uscale_plus_x8_gt_gtwizard_gtye4_inst/gen_gtwizard_gtye4.gen_common.gen_common_container[31].gen_enabled_common.gtye4_common_wrapper_inst/common_inst/qpll0outrefclk_out[0]                                                  |            10.0 |
| qpll0outrefclk_out[0]_1                                                                                                                                                                                                                                                                                                                                                                                                | PicoFramework/core/pcie3_uscale_plus_x8/inst/gt_top_i/diablo_gt.diablo_gt_phy_wrapper/gt_wizard.gtwizard_top_i/pcie3_uscale_plus_x8_gt_i/inst/gen_gtwizard_gtye4_top.pcie3_uscale_plus_x8_gt_gtwizard_gtye4_inst/gen_gtwizard_gtye4.gen_common.gen_common_container[32].gen_enabled_common.gtye4_common_wrapper_inst/common_inst/qpll0outrefclk_out[0]                                                  |            10.0 |
| qpll1outclk_out[0]                                                                                                                                                                                                                                                                                                                                                                                                     | PicoFramework/core/pcie3_uscale_plus_x8/inst/gt_top_i/diablo_gt.diablo_gt_phy_wrapper/gt_wizard.gtwizard_top_i/pcie3_uscale_plus_x8_gt_i/inst/gen_gtwizard_gtye4_top.pcie3_uscale_plus_x8_gt_gtwizard_gtye4_inst/gen_gtwizard_gtye4.gen_common.gen_common_container[31].gen_enabled_common.gtye4_common_wrapper_inst/common_inst/qpll1outclk_out[0]                                                     |             0.2 |
| qpll1outclk_out[0]_1                                                                                                                                                                                                                                                                                                                                                                                                   | PicoFramework/core/pcie3_uscale_plus_x8/inst/gt_top_i/diablo_gt.diablo_gt_phy_wrapper/gt_wizard.gtwizard_top_i/pcie3_uscale_plus_x8_gt_i/inst/gen_gtwizard_gtye4_top.pcie3_uscale_plus_x8_gt_gtwizard_gtye4_inst/gen_gtwizard_gtye4.gen_common.gen_common_container[32].gen_enabled_common.gtye4_common_wrapper_inst/common_inst/qpll1outclk_out[0]                                                     |             0.2 |
| qpll1outrefclk_out[0]                                                                                                                                                                                                                                                                                                                                                                                                  | PicoFramework/core/pcie3_uscale_plus_x8/inst/gt_top_i/diablo_gt.diablo_gt_phy_wrapper/gt_wizard.gtwizard_top_i/pcie3_uscale_plus_x8_gt_i/inst/gen_gtwizard_gtye4_top.pcie3_uscale_plus_x8_gt_gtwizard_gtye4_inst/gen_gtwizard_gtye4.gen_common.gen_common_container[31].gen_enabled_common.gtye4_common_wrapper_inst/common_inst/qpll1outrefclk_out[0]                                                  |            10.0 |
| qpll1outrefclk_out[0]_1                                                                                                                                                                                                                                                                                                                                                                                                | PicoFramework/core/pcie3_uscale_plus_x8/inst/gt_top_i/diablo_gt.diablo_gt_phy_wrapper/gt_wizard.gtwizard_top_i/pcie3_uscale_plus_x8_gt_i/inst/gen_gtwizard_gtye4_top.pcie3_uscale_plus_x8_gt_gtwizard_gtye4_inst/gen_gtwizard_gtye4.gen_common.gen_common_container[32].gen_enabled_common.gtye4_common_wrapper_inst/common_inst/qpll1outrefclk_out[0]                                                  |            10.0 |
| sys_clk                                                                                                                                                                                                                                                                                                                                                                                                                | sys_clk_p                                                                                                                                                                                                                                                                                                                                                                                               |            10.0 |
| sys_picoclk                                                                                                                                                                                                                                                                                                                                                                                                            | PicoFramework/app/FrameworkPicoBus/s2pb/clk_gen/clk_reg_reg_0                                                                                                                                                                                                                                                                                                                                           |           240.0 |
+------------------------------------------------------------------------------------------------------------------------------------------------------------------------------------------------------------------------------------------------------------------------------------------------------------------------------------------------------------------------------------------------------------------------+---------------------------------------------------------------------------------------------------------------------------------------------------------------------------------------------------------------------------------------------------------------------------------------------------------------------------------------------------------------------------------------------------------+-----------------+


3. Detailed Reports
-------------------

3.1 By Hierarchy
----------------

+----------------------------------+-----------+
| Name                             | Power (W) |
+----------------------------------+-----------+
| Pico_Toplevel                    |     4.916 |
|   PicoFramework                  |     3.525 |
|     app                          |     0.518 |
|       FrameworkPicoBus           |     0.111 |
|       PIO_EP                     |     0.389 |
|       SystemMonitor              |     0.018 |
|     core                         |     3.007 |
|       pcie3_7x_to_v1_6           |     0.077 |
|       pcie3_uscale_plus_x8       |     2.925 |
|   UserWrapper                    |     1.390 |
|     StreamToFlashCtl             |     0.037 |
|       i2c_master                 |     0.002 |
|       mgmt_qspi_flash_ctl        |     0.007 |
|       si_fifo                    |     0.007 |
|       so_fifo                    |     0.015 |
|     UserModule                   |     1.174 |
|       align                      |     0.012 |
|       fifo_filler                |     0.457 |
|       inputs                     |     0.705 |
|     stream_in[0].gen_stream_in   |     0.037 |
|       g_256b_fifos.s0a_desc_fifo |     0.003 |
|       g_256b_fifos.s0a_fifo      |     0.014 |
|       g_256b_fifos.s0b_desc_fifo |     0.003 |
|       g_256b_fifos.s0b_fifo      |     0.013 |
|     stream_in[0].gen_width_in    |     0.005 |
|     stream_in[1].gen_stream_in   |     0.010 |
|       g_256b_fifos.s0a_desc_fifo |     0.003 |
|       g_256b_fifos.s0b_desc_fifo |     0.003 |
|     stream_out[0].gen_stream_out |     0.038 |
|       g_256b_fifo.s0a_desc_fifo  |     0.003 |
|       g_256b_fifo.s0a_fifo       |     0.012 |
|       g_256b_fifo.s0b_desc_fifo  |     0.003 |
|       g_256b_fifo.s0b_fifo       |     0.012 |
|     stream_out[0].gen_width_out  |     0.005 |
|     stream_out[1].gen_stream_out |     0.038 |
|       g_256b_fifo.s0a_desc_fifo  |     0.003 |
|       g_256b_fifo.s0a_fifo       |     0.012 |
|       g_256b_fifo.s0b_desc_fifo  |     0.003 |
|       g_256b_fifo.s0b_fifo       |     0.012 |
|     stream_out[1].gen_width_out  |     0.003 |
|     stream_out[2].gen_stream_out |     0.038 |
|       g_256b_fifo.s0a_desc_fifo  |     0.003 |
|       g_256b_fifo.s0a_fifo       |     0.012 |
|       g_256b_fifo.s0b_desc_fifo  |     0.003 |
|       g_256b_fifo.s0b_fifo       |     0.012 |
|     stream_out[2].gen_width_out  |     0.003 |
|   dbg_hub                        |     0.001 |
|     inst                         |     0.001 |
|       BSCANID.u_xsdbm_id         |     0.001 |
+----------------------------------+-----------+


